<?xml version="1.0" encoding="UTF-8"?>
<!-- Generated by org.testng.reporters.JUnitXMLReporter -->
<testsuite ignored="0" hostname="DESKTOP-RI1C2R0" failures="0" tests="2" name="ErrorValidation" time="31.963" errors="0" timestamp="2025-09-17T16:28:29 IST">
  <testcase classname="rahulshettyacademy.SeleniumFrameworkDesign.ErrorValidation" name="loginErrorValidations" time="0.818"/>
  <testcase classname="rahulshettyacademy.SeleniumFrameworkDesign.ErrorValidation" name="productErrorValidations" time="4.981"/>
</testsuite> <!-- ErrorValidation -->
