<?xml version="1.0" encoding="UTF-8"?>
<!-- Generated by org.testng.reporters.JUnitXMLReporter -->
<testsuite ignored="0" hostname="DESKTOP-RI1C2R0" failures="0" tests="2" name="ErrorValidation" time="26.324" errors="0" timestamp="2025-09-17T15:41:26 IST">
  <testcase classname="rahulshettyacademy.SeleniumFrameworkDesign.ErrorValidation" name="loginErrorValidations" time="1.363"/>
  <testcase classname="rahulshettyacademy.SeleniumFrameworkDesign.ErrorValidation" name="productErrorValidations" time="7.049"/>
</testsuite> <!-- ErrorValidation -->
