<?xml version="1.0" encoding="UTF-8"?>
<!-- Generated by org.testng.reporters.JUnitXMLReporter -->
<testsuite ignored="0" hostname="DESKTOP-RI1C2R0" failures="0" tests="3" name="SubmitOrderTest" time="46.229" errors="0" timestamp="2025-09-17T16:28:43 IST">
  <testcase classname="rahulshettyacademy.SeleniumFrameworkDesign.SubmitOrderTest" name="submitOrder" time="4.98"/>
  <testcase classname="rahulshettyacademy.SeleniumFrameworkDesign.SubmitOrderTest" name="submitOrder" time="5.129"/>
  <testcase classname="rahulshettyacademy.SeleniumFrameworkDesign.SubmitOrderTest" name="orderHistoryTest" time="0.985"/>
</testsuite> <!-- SubmitOrderTest -->
