<?xml version="1.0" encoding="UTF-8"?>
<!-- Generated by org.testng.reporters.JUnitXMLReporter -->
<testsuite ignored="0" hostname="DESKTOP-RI1C2R0" failures="0" tests="3" name="SubmitOrderTest" time="42.941" errors="0" timestamp="2025-09-17T15:41:43 IST">
  <testcase classname="rahulshettyacademy.SeleniumFrameworkDesign.SubmitOrderTest" name="submitOrder" time="4.74"/>
  <testcase classname="rahulshettyacademy.SeleniumFrameworkDesign.SubmitOrderTest" name="submitOrder" time="5.03"/>
  <testcase classname="rahulshettyacademy.SeleniumFrameworkDesign.SubmitOrderTest" name="orderHistoryTest" time="4.961"/>
</testsuite> <!-- SubmitOrderTest -->
