<?xml version="1.0" encoding="UTF-8"?>
<testsuite xmlns:xsi="http://www.w3.org/2001/XMLSchema-instance" xsi:noNamespaceSchemaLocation="https://maven.apache.org/surefire/maven-surefire-plugin/xsd/surefire-test-report.xsd" version="3.0.2" name="TestSuite" time="55.946" tests="5" errors="0" skipped="0" failures="0">
  <properties>
[...]
</properties>
  <testcase name="loginErrorValidations" classname="rahulshettyacademy.SeleniumFrameworkDesign.ErrorValidation" time="1.223">
    <system-err><![CDATA[SLF4J: Failed to load class "org.slf4j.impl.StaticLoggerBinder".
SLF4J: Defaulting to no-operation (NOP) logger implementation
SLF4J: See http://www.slf4j.org/codes.html#StaticLoggerBinder for further details.
Sep 09, 2025 4:19:02 PM org.openqa.selenium.devtools.CdpVersionFinder findNearestMatch
WARNING: Unable to find CDP implementation matching 140
Sep 09, 2025 4:19:02 PM org.openqa.selenium.devtools.CdpVersionFinder findNearestMatch
WARNING: Unable to find CDP implementation matching 140
Sep 09, 2025 4:19:02 PM org.openqa.selenium.chromium.ChromiumDriver lambda$new$4
WARNING: Unable to find version of CDP to use for 140.0.7339.81. You may need to include a dependency on a specific version of the CDP using something similar to `org.seleniumhq.selenium:selenium-devtools-v86:4.29.0` where the version ("v86") matches the version of the chromium-based browser you're using and the version number of the artifact is the same as Selenium's.
Sep 09, 2025 4:19:02 PM org.openqa.selenium.chromium.ChromiumDriver lambda$new$4
WARNING: Unable to find version of CDP to use for 140.0.7339.81. You may need to include a dependency on a specific version of the CDP using something similar to `org.seleniumhq.selenium:selenium-devtools-v86:4.29.0` where the version ("v86") matches the version of the chromium-based browser you're using and the version number of the artifact is the same as Selenium's.
]]></system-err>
  </testcase>
  <testcase name="productErrorValidations" classname="rahulshettyacademy.SeleniumFrameworkDesign.ErrorValidation" time="4.4">
    <system-err><![CDATA[Sep 09, 2025 4:19:16 PM org.openqa.selenium.devtools.CdpVersionFinder findNearestMatch
WARNING: Unable to find CDP implementation matching 140
Sep 09, 2025 4:19:16 PM org.openqa.selenium.chromium.ChromiumDriver lambda$new$4
WARNING: Unable to find version of CDP to use for 140.0.7339.81. You may need to include a dependency on a specific version of the CDP using something similar to `org.seleniumhq.selenium:selenium-devtools-v86:4.29.0` where the version ("v86") matches the version of the chromium-based browser you're using and the version number of the artifact is the same as Selenium's.
Sep 09, 2025 4:19:22 PM org.openqa.selenium.devtools.CdpVersionFinder findNearestMatch
WARNING: Unable to find CDP implementation matching 140
Sep 09, 2025 4:19:22 PM org.openqa.selenium.chromium.ChromiumDriver lambda$new$4
WARNING: Unable to find version of CDP to use for 140.0.7339.81. You may need to include a dependency on a specific version of the CDP using something similar to `org.seleniumhq.selenium:selenium-devtools-v86:4.29.0` where the version ("v86") matches the version of the chromium-based browser you're using and the version number of the artifact is the same as Selenium's.
]]></system-err>
  </testcase>
  <testcase name="submitOrder[{password=Shrikant@123, product=ZARA COAT 3, email=shrikanttembhe@mail.com}](1)" classname="rahulshettyacademy.SeleniumFrameworkDesign.SubmitOrderTest" time="5.698">
    <system-out><![CDATA[Order_Confirmation:THANKYOU FOR THE ORDER.
]]></system-out>
  </testcase>
  <testcase name="submitOrder[{password=Shree@1234, product=ADIDAS ORIGINAL, email=shree.tembhe@gmail.com}](2)" classname="rahulshettyacademy.SeleniumFrameworkDesign.SubmitOrderTest" time="4.923">
    <system-out><![CDATA[Order_Confirmation:THANKYOU FOR THE ORDER.
]]></system-out>
  </testcase>
  <testcase name="orderHistoryTest" classname="rahulshettyacademy.SeleniumFrameworkDesign.SubmitOrderTest" time="1.051">
    <system-err><![CDATA[Sep 09, 2025 4:19:38 PM org.openqa.selenium.devtools.CdpVersionFinder findNearestMatch
WARNING: Unable to find CDP implementation matching 140
Sep 09, 2025 4:19:38 PM org.openqa.selenium.chromium.ChromiumDriver lambda$new$4
WARNING: Unable to find version of CDP to use for 140.0.7339.81. You may need to include a dependency on a specific version of the CDP using something similar to `org.seleniumhq.selenium:selenium-devtools-v86:4.29.0` where the version ("v86") matches the version of the chromium-based browser you're using and the version number of the artifact is the same as Selenium's.
]]></system-err>
  </testcase>
</testsuite>