<?xml version="1.0" encoding="UTF-8"?>
<testng-results ignored="0" total="5" passed="5" failed="0" skipped="0">
  <reporter-output>
  </reporter-output>
  <suite started-at="2025-09-17T16:27:57 IST" name="Suite" finished-at="2025-09-17T16:28:43 IST" duration-ms="46229">
    <groups>
      <group name="Purchase">
        <method signature="SubmitOrderTest.submitOrder(java.util.HashMap)[pri:0, instance:rahulshettyacademy.SeleniumFrameworkDesign.SubmitOrderTest@4961f6af]" name="submitOrder" class="rahulshettyacademy.SeleniumFrameworkDesign.SubmitOrderTest"/>
      </group> <!-- Purchase -->
      <group name="ErrorHandling">
        <method signature="ErrorValidation.loginErrorValidations()[pri:0, instance:rahulshettyacademy.SeleniumFrameworkDesign.ErrorValidation@5b7a5baa]" name="loginErrorValidations" class="rahulshettyacademy.SeleniumFrameworkDesign.ErrorValidation"/>
      </group> <!-- ErrorHandling -->
    </groups>
    <test started-at="2025-09-17T16:27:57 IST" name="ErrorValidation" finished-at="2025-09-17T16:28:29 IST" duration-ms="31963">
      <class name="rahulshettyacademy.SeleniumFrameworkDesign.ErrorValidation">
        <test-method is-config="true" signature="launchApplication()[pri:0, instance:rahulshettyacademy.SeleniumFrameworkDesign.ErrorValidation@5b7a5baa]" started-at="2025-09-17T16:27:57 IST" name="launchApplication" finished-at="2025-09-17T16:28:12 IST" duration-ms="15408" status="PASS">
          <reporter-output>
          </reporter-output>
        </test-method> <!-- launchApplication -->
        <test-method signature="loginErrorValidations()[pri:0, instance:rahulshettyacademy.SeleniumFrameworkDesign.ErrorValidation@5b7a5baa]" started-at="2025-09-17T16:28:12 IST" name="loginErrorValidations" finished-at="2025-09-17T16:28:13 IST" duration-ms="818" status="PASS">
          <reporter-output>
          </reporter-output>
        </test-method> <!-- loginErrorValidations -->
        <test-method is-config="true" signature="tearDown()[pri:0, instance:rahulshettyacademy.SeleniumFrameworkDesign.ErrorValidation@5b7a5baa]" started-at="2025-09-17T16:28:13 IST" name="tearDown" finished-at="2025-09-17T16:28:13 IST" duration-ms="365" status="PASS">
          <reporter-output>
          </reporter-output>
        </test-method> <!-- tearDown -->
        <test-method is-config="true" signature="launchApplication()[pri:0, instance:rahulshettyacademy.SeleniumFrameworkDesign.ErrorValidation@5b7a5baa]" started-at="2025-09-17T16:28:13 IST" name="launchApplication" finished-at="2025-09-17T16:28:23 IST" duration-ms="10038" status="PASS">
          <reporter-output>
          </reporter-output>
        </test-method> <!-- launchApplication -->
        <test-method signature="productErrorValidations()[pri:0, instance:rahulshettyacademy.SeleniumFrameworkDesign.ErrorValidation@5b7a5baa]" started-at="2025-09-17T16:28:23 IST" name="productErrorValidations" finished-at="2025-09-17T16:28:28 IST" duration-ms="4981" status="PASS">
          <reporter-output>
          </reporter-output>
        </test-method> <!-- productErrorValidations -->
        <test-method is-config="true" signature="tearDown()[pri:0, instance:rahulshettyacademy.SeleniumFrameworkDesign.ErrorValidation@5b7a5baa]" started-at="2025-09-17T16:28:28 IST" name="tearDown" finished-at="2025-09-17T16:28:29 IST" duration-ms="258" status="PASS">
          <reporter-output>
          </reporter-output>
        </test-method> <!-- tearDown -->
      </class> <!-- rahulshettyacademy.SeleniumFrameworkDesign.ErrorValidation -->
    </test> <!-- ErrorValidation -->
    <test started-at="2025-09-17T16:27:57 IST" name="SubmitOrderTest" finished-at="2025-09-17T16:28:43 IST" duration-ms="46229">
      <class name="rahulshettyacademy.SeleniumFrameworkDesign.SubmitOrderTest">
        <test-method is-config="true" signature="launchApplication()[pri:0, instance:rahulshettyacademy.SeleniumFrameworkDesign.SubmitOrderTest@4961f6af]" started-at="2025-09-17T16:27:57 IST" name="launchApplication" finished-at="2025-09-17T16:28:12 IST" duration-ms="14709" status="PASS">
          <reporter-output>
          </reporter-output>
        </test-method> <!-- launchApplication -->
        <test-method signature="submitOrder(java.util.HashMap)[pri:0, instance:rahulshettyacademy.SeleniumFrameworkDesign.SubmitOrderTest@4961f6af]" started-at="2025-09-17T16:28:12 IST" name="submitOrder" data-provider="getData" finished-at="2025-09-17T16:28:17 IST" duration-ms="4980" status="PASS">
          <params>
            <param index="0">
              <value>
                <![CDATA[{password=Shrikant@123, product=ZARA COAT 3, email=shrikanttembhe@mail.com}]]>
              </value>
            </param>
          </params>
          <reporter-output>
          </reporter-output>
        </test-method> <!-- submitOrder -->
        <test-method is-config="true" signature="tearDown()[pri:0, instance:rahulshettyacademy.SeleniumFrameworkDesign.SubmitOrderTest@4961f6af]" started-at="2025-09-17T16:28:17 IST" name="tearDown" finished-at="2025-09-17T16:28:17 IST" duration-ms="216" status="PASS">
          <reporter-output>
          </reporter-output>
        </test-method> <!-- tearDown -->
        <test-method is-config="true" signature="launchApplication()[pri:0, instance:rahulshettyacademy.SeleniumFrameworkDesign.SubmitOrderTest@4961f6af]" started-at="2025-09-17T16:28:17 IST" name="launchApplication" finished-at="2025-09-17T16:28:28 IST" duration-ms="10677" status="PASS">
          <reporter-output>
          </reporter-output>
        </test-method> <!-- launchApplication -->
        <test-method signature="submitOrder(java.util.HashMap)[pri:0, instance:rahulshettyacademy.SeleniumFrameworkDesign.SubmitOrderTest@4961f6af]" started-at="2025-09-17T16:28:28 IST" name="submitOrder" data-provider="getData" finished-at="2025-09-17T16:28:33 IST" duration-ms="5129" status="PASS">
          <params>
            <param index="0">
              <value>
                <![CDATA[{password=Shree@1234, product=ADIDAS ORIGINAL, email=shree.tembhe@gmail.com}]]>
              </value>
            </param>
          </params>
          <reporter-output>
          </reporter-output>
        </test-method> <!-- submitOrder -->
        <test-method is-config="true" signature="tearDown()[pri:0, instance:rahulshettyacademy.SeleniumFrameworkDesign.SubmitOrderTest@4961f6af]" started-at="2025-09-17T16:28:33 IST" name="tearDown" finished-at="2025-09-17T16:28:33 IST" duration-ms="213" status="PASS">
          <reporter-output>
          </reporter-output>
        </test-method> <!-- tearDown -->
        <test-method is-config="true" signature="launchApplication()[pri:0, instance:rahulshettyacademy.SeleniumFrameworkDesign.SubmitOrderTest@4961f6af]" started-at="2025-09-17T16:28:33 IST" name="launchApplication" finished-at="2025-09-17T16:28:42 IST" duration-ms="8539" status="PASS">
          <reporter-output>
          </reporter-output>
        </test-method> <!-- launchApplication -->
        <test-method signature="orderHistoryTest()[pri:0, instance:rahulshettyacademy.SeleniumFrameworkDesign.SubmitOrderTest@4961f6af]" started-at="2025-09-17T16:28:42 IST" name="orderHistoryTest" finished-at="2025-09-17T16:28:43 IST" depends-on-methods="rahulshettyacademy.SeleniumFrameworkDesign.SubmitOrderTest.submitOrder" duration-ms="985" status="PASS">
          <reporter-output>
          </reporter-output>
        </test-method> <!-- orderHistoryTest -->
        <test-method is-config="true" signature="tearDown()[pri:0, instance:rahulshettyacademy.SeleniumFrameworkDesign.SubmitOrderTest@4961f6af]" started-at="2025-09-17T16:28:43 IST" name="tearDown" finished-at="2025-09-17T16:28:43 IST" duration-ms="185" status="PASS">
          <reporter-output>
          </reporter-output>
        </test-method> <!-- tearDown -->
      </class> <!-- rahulshettyacademy.SeleniumFrameworkDesign.SubmitOrderTest -->
    </test> <!-- SubmitOrderTest -->
  </suite> <!-- Suite -->
</testng-results>
